{"meta": {"version": "7.2.7", "timestamp": "2025-08-31T23:10:38.345457", "branch_coverage": true, "show_contexts": false}, "files": {"src/__init__.py": {"executed_lines": [], "summary": {"covered_lines": 0, "num_statements": 0, "percent_covered": 100.0, "percent_covered_display": "100", "missing_lines": 0, "excluded_lines": 0, "num_branches": 0, "num_partial_branches": 0, "covered_branches": 0, "missing_branches": 0}, "missing_lines": [], "excluded_lines": [], "executed_branches": [], "missing_branches": []}, "src/__main__.py": {"executed_lines": [], "summary": {"covered_lines": 0, "num_statements": 1, "percent_covered": 0.0, "percent_covered_display": "0", "missing_lines": 1, "excluded_lines": 2, "num_branches": 0, "num_partial_branches": 0, "covered_branches": 0, "missing_branches": 0}, "missing_lines": [3], "excluded_lines": [5, 6], "executed_branches": [], "missing_branches": []}, "src/app.py": {"executed_lines": [1, 3, 4, 5, 6, 7, 8, 9, 11, 12, 13, 14, 15, 16, 17, 18, 19, 20, 21, 23, 26, 27, 29, 31, 32, 33, 34, 35, 36, 43, 46, 47, 49, 55, 57, 58, 59, 61, 63, 66, 67, 70, 72, 75, 77, 78, 82, 83, 86, 87, 88, 89, 91, 94, 97, 99, 101, 102, 103, 104, 105, 108, 110, 112, 113, 114, 116, 118, 119, 121, 122, 124, 126, 130, 132, 137, 140, 143, 145, 147, 149, 150, 151, 152, 153, 155, 157, 159, 160, 161, 162, 163, 168, 170, 177, 178, 179, 181, 182, 183, 185, 186, 187, 194, 198, 200, 203, 204, 205, 206, 209, 211, 217, 219, 220, 221, 224], "summary": {"covered_lines": 114, "num_statements": 119, "percent_covered": 94.4055944055944, "percent_covered_display": "94", "missing_lines": 5, "excluded_lines": 2, "num_branches": 24, "num_partial_branches": 3, "covered_branches": 21, "missing_branches": 3}, "missing_lines": [51, 52, 53, 73, 79], "excluded_lines": [224, 225], "executed_branches": [[58, 59], [72, 75], [78, 82], [87, 88], [87, 91], [121, 122], [121, 124], [149, 150], [149, 155], [151, -147], [151, 152], [159, 160], [159, 168], [161, -157], [161, 162], [177, 178], [177, 198], [181, 182], [181, 194], [185, 181], [185, 186]], "missing_branches": [[58, -55], [72, 73], [78, 79]]}, "src/app_persistent.py": {"executed_lines": [1, 3, 4, 5, 6, 7, 8, 9, 10, 13, 14, 15, 16, 17, 18, 19, 20, 21, 22, 23, 25, 28, 29, 31, 33, 34, 35, 36, 37, 38, 45, 48, 49, 52, 53, 54, 56, 58, 59, 60, 61, 63, 65, 66, 67, 69, 88, 113, 127, 155, 161, 171, 192, 206, 219, 249, 257, 284, 292, 299], "summary": {"covered_lines": 57, "num_statements": 162, "percent_covered": 29.591836734693878, "percent_covered_display": "30", "missing_lines": 105, "excluded_lines": 2, "num_branches": 34, "num_partial_branches": 1, "covered_branches": 1, "missing_branches": 33}, "missing_lines": [71, 74, 75, 78, 80, 81, 83, 84, 86, 90, 92, 93, 94, 95, 96, 101, 102, 103, 104, 105, 106, 107, 109, 111, 115, 116, 117, 118, 119, 120, 121, 122, 125, 130, 131, 132, 135, 136, 139, 140, 141, 142, 143, 145, 147, 150, 153, 157, 158, 159, 163, 164, 166, 167, 169, 175, 177, 182, 185, 188, 190, 194, 195, 198, 200, 201, 202, 204, 208, 209, 210, 211, 212, 217, 226, 227, 228, 230, 231, 232, 234, 235, 236, 243, 247, 252, 253, 254, 255, 259, 260, 262, 266, 269, 271, 272, 273, 277, 279, 280, 281, 286, 294, 295, 296], "excluded_lines": [299, 300], "executed_branches": [[66, 67]], "missing_branches": [[66, -63], [80, 81], [80, 83], [83, 84], [83, 86], [92, 93], [92, 111], [102, 92], [102, 103], [131, 132], [131, 135], [140, 141], [140, 147], [142, 143], [142, 145], [166, 167], [166, 169], [194, 195], [194, 204], [200, -192], [200, 201], [208, 209], [208, 217], [210, -206], [210, 211], [226, 227], [226, 247], [230, 231], [230, 243], [234, 230], [234, 235], [271, 272], [271, 277]]}, "src/app_unified.py": {"executed_lines": [1, 3, 4, 5, 6, 7, 8, 9, 11, 12, 13, 15, 18, 19, 21, 24, 32, 35, 36, 40, 45, 46, 47, 49, 53, 60, 67, 89, 92, 93, 94, 95, 96, 97, 100, 140, 164, 170, 171, 173, 174, 175, 176, 179, 182, 185, 195, 200, 202, 220, 228, 235], "summary": {"covered_lines": 49, "num_statements": 120, "percent_covered": 36.18421052631579, "percent_covered_display": "36", "missing_lines": 71, "excluded_lines": 2, "num_branches": 32, "num_partial_branches": 6, "covered_branches": 6, "missing_branches": 26}, "missing_lines": [37, 41, 42, 55, 56, 57, 58, 62, 63, 64, 65, 69, 72, 73, 74, 77, 79, 80, 84, 85, 87, 98, 99, 102, 104, 105, 107, 108, 109, 110, 113, 115, 116, 122, 123, 124, 127, 128, 129, 130, 132, 133, 134, 136, 138, 142, 143, 144, 147, 149, 150, 151, 153, 155, 156, 157, 158, 159, 162, 187, 190, 191, 193, 196, 197, 198, 208, 222, 230, 231, 232], "excluded_lines": [235, 236], "executed_branches": [[36, 40], [40, 45], [92, 93], [170, 171], [173, 174], [195, 200]], "missing_branches": [[36, 37], [40, 41], [64, -60], [64, 65], [72, 73], [72, 84], [79, 80], [79, 84], [84, 85], [84, 87], [92, 102], [107, 108], [107, 138], [122, 123], [122, 127], [128, 107], [128, 129], [149, 150], [149, 153], [170, 190], [173, 187], [190, 191], [190, 193], [195, 196], [197, 198], [197, 200]]}, "src/config.py": {"executed_lines": [1, 3, 4, 7, 8, 10, 17, 18, 24, 28, 32, 36, 42, 43, 48, 53, 54, 59, 60, 63, 65, 69], "summary": {"covered_lines": 20, "num_statements": 20, "percent_covered": 100.0, "percent_covered_display": "100", "missing_lines": 0, "excluded_lines": 0, "num_branches": 0, "num_partial_branches": 0, "covered_branches": 0, "missing_branches": 0}, "missing_lines": [], "excluded_lines": [], "executed_branches": [], "missing_branches": []}, "src/core/__init__.py": {"executed_lines": [], "summary": {"covered_lines": 0, "num_statements": 0, "percent_covered": 100.0, "percent_covered_display": "100", "missing_lines": 0, "excluded_lines": 0, "num_branches": 0, "num_partial_branches": 0, "covered_branches": 0, "missing_branches": 0}, "missing_lines": [], "excluded_lines": [], "executed_branches": [], "missing_branches": []}, "src/core/change_categorization.py": {"executed_lines": [1, 3, 4, 5, 6, 7, 9, 12, 13, 15, 16, 17, 18, 19, 20, 21, 22, 23, 24, 25, 26, 29, 30, 32, 33, 34, 35, 38, 39, 41, 42, 43, 44, 47, 48, 49, 51, 52, 53, 54, 55, 56, 57, 58, 59, 60, 62, 64, 78, 79, 80, 82, 83, 84, 85, 86, 87, 89, 90, 92, 94, 95, 97, 99, 101, 103, 107, 121, 122, 124, 126, 139, 151, 152, 153, 156, 157, 160, 162, 163, 165, 166, 169, 170, 172, 174, 178, 179, 180, 182, 183, 186, 187, 203, 204, 219, 221, 223, 224, 225, 226, 233, 235, 239, 240, 242, 244, 247, 249, 272, 282, 295, 305, 318, 341, 351, 352, 355, 356, 357, 365, 378, 382, 385, 386, 389, 404, 406, 408, 409, 410, 413, 414, 416], "summary": {"covered_lines": 127, "num_statements": 141, "percent_covered": 87.57062146892656, "percent_covered_display": "88", "missing_lines": 14, "excluded_lines": 0, "num_branches": 36, "num_partial_branches": 4, "covered_branches": 28, "missing_branches": 8}, "missing_lines": [105, 109, 243, 245, 259, 328, 358, 359, 360, 361, 362, 363, 417, 418], "excluded_lines": [], "executed_branches": [[47, 48], [47, 49], [78, 79], [78, 80], [90, 89], [90, 94], [95, 94], [95, 99], [160, 162], [160, 172], [165, 160], [165, 166], [169, 170], [186, 187], [186, 203], [203, 204], [203, 219], [224, 225], [224, 233], [225, 226], [225, 233], [242, 244], [244, 247], [355, 356], [385, 386], [385, 389], [409, 410], [409, 413]], "missing_branches": [[169, 160], [242, 243], [244, 245], [355, 358], [358, 359], [358, 361], [361, 362], [361, 365]]}, "src/core/change_detector.py": {"executed_lines": [1, 3, 4, 5, 6, 8, 9, 10, 11, 13, 16, 17, 19, 26, 27, 28, 29, 30, 31, 34, 37, 40, 45, 46, 48, 54, 55, 58, 61, 62, 64, 73, 76, 79, 80, 83, 86, 91, 98, 99, 104, 106, 108, 114, 115, 116, 117, 120, 121, 130, 133, 135, 136, 138, 139, 140, 142, 148, 150, 152, 153, 155, 160, 169, 173, 191, 192, 195, 196, 197, 200, 202, 203, 204, 207, 210, 212, 213, 216, 219, 231, 235, 237, 248, 261, 262, 263, 265, 267, 279, 280, 283, 284, 285, 288, 289, 290, 292, 294, 312, 314, 322, 324, 333, 354, 355, 356, 366, 368, 384, 387, 388, 389, 392, 393, 395, 397, 400, 403, 404, 405, 408, 409, 411, 412, 413, 415], "summary": {"covered_lines": 124, "num_statements": 133, "percent_covered": 89.83050847457628, "percent_covered_display": "90", "missing_lines": 9, "excluded_lines": 0, "num_branches": 44, "num_partial_branches": 5, "covered_branches": 35, "missing_branches": 9}, "missing_lines": [122, 123, 124, 125, 127, 128, 157, 158, 390], "excluded_lines": [], "executed_branches": [[61, -48], [61, 62], [98, 99], [98, 104], [115, 116], [115, 135], [116, 117], [116, 120], [116, 138], [120, 121], [152, 153], [152, 155], [202, 203], [202, 219], [212, 202], [212, 213], [261, 262], [261, 265], [262, 261], [262, 263], [283, 284], [284, 285], [284, 288], [288, 289], [289, 290], [289, 292], [354, 355], [355, 356], [355, 366], [387, 388], [387, 403], [389, 392], [395, 387], [395, 397], [411, 412], [411, 415]], "missing_branches": [[120, 122], [122, 123], [122, 124], [124, 125], [124, 127], [283, 288], [288, 292], [354, 366], [389, 390]]}, "src/core/data_manager.py": {"executed_lines": [1, 3, 4, 5, 6, 8, 9, 11, 14, 15, 17, 24, 25, 26, 28, 34, 35, 36, 37, 38, 39, 40, 43, 44, 45, 48, 50, 59, 60, 62, 63, 64, 69, 73, 74, 75, 76, 78, 84, 86, 87, 92, 93, 95, 96, 97], "summary": {"covered_lines": 44, "num_statements": 44, "percent_covered": 100.0, "percent_covered_display": "100", "missing_lines": 0, "excluded_lines": 0, "num_branches": 8, "num_partial_branches": 0, "covered_branches": 8, "missing_branches": 0}, "missing_lines": [], "excluded_lines": [], "executed_branches": [[35, -28], [35, 36], [35, 39], [39, 40], [39, 44], [59, 60], [59, 62], [92, 93], [92, 95], [92, 96]], "missing_branches": []}, "src/core/match_comparator.py": {"executed_lines": [1, 3, 4, 6, 8, 11, 12, 14, 15, 24, 26, 27, 39, 40, 42, 43, 44, 46, 47, 49, 51, 52, 63, 64, 67, 70, 73, 74, 77, 78, 80, 81, 83, 84, 86, 87, 89, 91, 92, 102, 104, 105, 110, 111, 116, 122, 123, 129, 130, 132, 135, 136, 137, 140], "summary": {"covered_lines": 52, "num_statements": 55, "percent_covered": 92.94117647058823, "percent_covered_display": "93", "missing_lines": 3, "excluded_lines": 0, "num_branches": 30, "num_partial_branches": 3, "covered_branches": 27, "missing_branches": 3}, "missing_lines": [117, 133, 138], "excluded_lines": [], "executed_branches": [[15, 14], [15, 26], [27, 26], [27, 27], [27, 51], [52, 51], [52, 91], [63, 64], [63, 67], [67, 67], [67, 70], [67, 73], [73, 74], [73, 77], [80, 81], [80, 83], [86, 87], [86, 89], [92, -11], [92, 91], [104, 105], [104, 110], [110, 111], [110, 116], [116, 122], [122, 123], [122, 129], [132, 135], [137, 140]], "missing_branches": [[116, 117], [132, 133], [137, 138]]}, "src/core/match_processor.py": {"executed_lines": [1, 3, 4, 6, 7, 8, 9, 16, 18, 21, 22, 24, 37, 38, 39, 41, 59, 60, 67, 68, 71, 72, 75, 76, 77, 81, 83, 85, 86, 89, 90, 91, 94, 97, 98, 101, 102, 105, 106, 108, 111, 113, 114, 116, 117, 118, 121, 124, 131, 134, 141, 148, 161, 165, 167, 169], "summary": {"covered_lines": 54, "num_statements": 60, "percent_covered": 89.74358974358974, "percent_covered_display": "90", "missing_lines": 6, "excluded_lines": 0, "num_branches": 18, "num_partial_branches": 2, "covered_branches": 16, "missing_branches": 2}, "missing_lines": [109, 132, 156, 157, 158, 159], "excluded_lines": [], "executed_branches": [[67, 68], [67, 75], [71, 72], [71, 75], [76, 77], [76, 83], [90, 91], [90, 94], [97, 98], [97, 101], [108, 111], [113, 114], [113, 116], [117, 118], [117, 121], [131, 134]], "missing_branches": [[108, 109], [131, 132]]}, "src/core/unified_processor.py": {"executed_lines": [1, 3, 4, 5, 7, 8, 9, 10, 11, 12, 13, 14, 15, 17, 20, 21, 23, 30, 31, 32, 33, 34, 35, 38, 39, 41, 48, 51, 52, 53, 54, 55, 58, 64, 66, 72, 73, 75, 76, 79, 80, 81, 82, 89, 92, 93, 96, 99, 102, 104, 111, 112, 119, 120, 121, 122, 124, 128, 134, 135, 136, 137, 138, 139, 140, 141, 143, 153, 154, 157, 159, 161, 162, 163, 165, 171, 173, 176, 177, 178, 181, 186, 187, 188, 189, 190, 191, 192, 199, 200, 201, 203, 216, 218, 219, 225, 231, 232, 235, 237, 238, 245, 254, 256, 259, 260, 262, 263, 264, 266, 272], "summary": {"covered_lines": 108, "num_statements": 120, "percent_covered": 87.68115942028986, "percent_covered_display": "88", "missing_lines": 12, "excluded_lines": 0, "num_branches": 18, "num_partial_branches": 3, "covered_branches": 13, "missing_branches": 5}, "missing_lines": [194, 204, 205, 208, 209, 211, 221, 222, 223, 240, 242, 243], "excluded_lines": [], "executed_branches": [[80, 81], [80, 89], [92, 93], [92, 111], [186, 187], [186, 199], [188, 189], [188, 199], [191, 192], [199, 200], [199, 216], [203, 199], [237, 238]], "missing_branches": [[191, 194], [203, 204], [208, 209], [208, 211], [237, 240]]}, "src/interfaces.py": {"executed_lines": [1, 3, 4, 6, 9, 10, 12, 13, 22, 23, 25, 26, 39, 40, 42, 43, 64, 65, 67, 68], "summary": {"covered_lines": 15, "num_statements": 19, "percent_covered": 85.18518518518519, "percent_covered_display": "85", "missing_lines": 4, "excluded_lines": 0, "num_branches": 8, "num_partial_branches": 0, "covered_branches": 8, "missing_branches": 0}, "missing_lines": [19, 36, 61, 74], "excluded_lines": [], "executed_branches": [[13, -9], [13, 12], [26, -22], [26, 25], [43, -39], [43, 42], [43, 43], [68, -64], [68, 67]], "missing_branches": []}, "src/main.py": {"executed_lines": [2, 15, 16, 17, 20, 21, 24, 26, 27, 29, 34, 35, 36, 37, 39, 40, 41, 42, 43, 44, 47, 48, 49, 50, 51, 53, 55, 56, 57, 58, 60, 61, 62, 63, 65, 66, 85], "summary": {"covered_lines": 36, "num_statements": 49, "percent_covered": 69.49152542372882, "percent_covered_display": "69", "missing_lines": 13, "excluded_lines": 2, "num_branches": 10, "num_partial_branches": 3, "covered_branches": 5, "missing_branches": 5}, "missing_lines": [54, 67, 68, 69, 72, 73, 74, 75, 77, 78, 79, 80, 82], "excluded_lines": [85, 86], "executed_branches": [[34, 35], [47, 48], [48, 49], [48, 60], [60, 61]], "missing_branches": [[34, 47], [47, 72], [60, 72], [72, -24], [72, 73]]}, "src/services/__init__.py": {"executed_lines": [], "summary": {"covered_lines": 0, "num_statements": 0, "percent_covered": 100.0, "percent_covered_display": "100", "missing_lines": 0, "excluded_lines": 0, "num_branches": 0, "num_partial_branches": 0, "covered_branches": 0, "missing_branches": 0}, "missing_lines": [], "excluded_lines": [], "executed_branches": [], "missing_branches": []}, "src/services/api_client.py": {"executed_lines": [1, 3, 4, 5, 6, 8, 10, 11, 12, 14, 17, 18, 22, 28, 29, 32, 39, 47, 51, 53, 54, 55, 57, 62, 63, 65, 67, 68, 69], "summary": {"covered_lines": 27, "num_statements": 29, "percent_covered": 90.3225806451613, "percent_covered_display": "90", "missing_lines": 2, "excluded_lines": 0, "num_branches": 2, "num_partial_branches": 1, "covered_branches": 1, "missing_branches": 1}, "missing_lines": [48, 49], "excluded_lines": [], "executed_branches": [[47, 51]], "missing_branches": [[47, 48]]}, "src/services/avatar_service.py": {"executed_lines": [1, 3, 4, 6, 8, 9, 11, 14, 15, 17, 23, 24, 26, 36, 38, 40, 41, 42, 44, 45, 46, 47, 49, 53, 54, 55, 57, 58, 59, 60], "summary": {"covered_lines": 28, "num_statements": 28, "percent_covered": 100.0, "percent_covered_display": "100", "missing_lines": 0, "excluded_lines": 0, "num_branches": 2, "num_partial_branches": 0, "covered_branches": 2, "missing_branches": 0}, "missing_lines": [], "excluded_lines": [], "executed_branches": [[44, 45], [44, 49]], "missing_branches": []}, "src/services/health_service.py": {"executed_lines": [1, 3, 4, 5, 6, 7, 8, 9, 11, 12, 14, 16, 19, 20, 22, 23, 24, 25, 26, 27, 30, 31, 33, 34, 35, 36, 37, 38, 39, 42, 43, 45, 47, 48, 51, 58, 77, 79, 83, 93, 95, 104, 106, 107, 108, 110, 111, 113, 114, 115, 116, 118, 119, 120, 121, 123, 124, 125, 126, 127, 129, 138, 140, 145, 147, 148, 149, 150, 159, 160, 162, 164, 166, 167, 169, 170, 171, 172, 174, 176, 178, 186, 188, 189, 190, 192, 200, 202, 204], "summary": {"covered_lines": 85, "num_statements": 88, "percent_covered": 94.54545454545455, "percent_covered_display": "95", "missing_lines": 3, "excluded_lines": 0, "num_branches": 22, "num_partial_branches": 3, "covered_branches": 19, "missing_branches": 3}, "missing_lines": [84, 151, 152], "excluded_lines": [], "executed_branches": [[83, 93], [95, -95], [95, -77], [95, 95], [95, 104], [95, 113], [106, 107], [106, 110], [113, 114], [113, 118], [118, 119], [118, 123], [148, 149], [148, 162], [150, 159], [159, 160], [166, -166], [166, 166], [166, 167], [169, 170], [169, 171], [171, 172], [171, 174]], "missing_branches": [[83, 84], [150, 151], [159, 148]]}, "src/services/phonebook_service.py": {"executed_lines": [1, 3, 4, 6, 8, 9, 11, 14, 15, 17, 23, 24, 26, 32, 34, 35, 37, 38, 39, 41, 46, 48, 49, 50], "summary": {"covered_lines": 22, "num_statements": 22, "percent_covered": 100.0, "percent_covered_display": "100", "missing_lines": 0, "excluded_lines": 0, "num_branches": 2, "num_partial_branches": 0, "covered_branches": 2, "missing_branches": 0}, "missing_lines": [], "excluded_lines": [], "executed_branches": [[37, 38], [37, 41]], "missing_branches": []}, "src/services/storage_service.py": {"executed_lines": [1, 3, 4, 6, 8, 9, 10, 12, 15, 16, 18, 24, 25, 27, 45, 46, 47, 48, 50, 51, 53, 55, 56, 57, 58, 64, 69, 70, 76, 80, 81, 82, 83], "summary": {"covered_lines": 31, "num_statements": 34, "percent_covered": 90.0, "percent_covered_display": "90", "missing_lines": 3, "excluded_lines": 0, "num_branches": 6, "num_partial_branches": 1, "covered_branches": 5, "missing_branches": 1}, "missing_lines": [77, 78, 79], "excluded_lines": [], "executed_branches": [[46, -27], [46, 47], [46, 76], [55, 56], [55, 64], [76, 80]], "missing_branches": [[76, 77]]}, "src/types.py": {"executed_lines": [1, 3, 5, 8, 9, 11, 12, 13, 14, 17, 18, 20, 21, 22, 23, 24, 25, 26, 27, 28, 29, 30, 31, 32, 33, 34, 35, 38, 39, 41, 42, 43, 46, 47, 49, 50, 51, 52, 53, 57, 58, 59, 60, 61], "summary": {"covered_lines": 39, "num_statements": 39, "percent_covered": 100.0, "percent_covered_display": "100", "missing_lines": 0, "excluded_lines": 0, "num_branches": 0, "num_partial_branches": 0, "covered_branches": 0, "missing_branches": 0}, "missing_lines": [], "excluded_lines": [], "executed_branches": [], "missing_branches": []}, "src/utils/__init__.py": {"executed_lines": [], "summary": {"covered_lines": 0, "num_statements": 0, "percent_covered": 100.0, "percent_covered_display": "100", "missing_lines": 0, "excluded_lines": 0, "num_branches": 0, "num_partial_branches": 0, "covered_branches": 0, "missing_branches": 0}, "missing_lines": [], "excluded_lines": [], "executed_branches": [], "missing_branches": []}, "src/utils/description_generator.py": {"executed_lines": [1, 3, 5, 7, 10, 19, 20, 21, 22, 23, 25, 37, 42, 45, 51], "summary": {"covered_lines": 14, "num_statements": 14, "percent_covered": 100.0, "percent_covered_display": "100", "missing_lines": 0, "excluded_lines": 0, "num_branches": 0, "num_partial_branches": 0, "covered_branches": 0, "missing_branches": 0}, "missing_lines": [], "excluded_lines": [], "executed_branches": [], "missing_branches": []}, "src/utils/file_utils.py": {"executed_lines": [1, 3, 4, 5, 7, 8, 10, 13, 22, 23, 24, 25, 26, 27, 30, 40, 41, 43, 44, 45, 46, 47, 48, 49, 50, 51, 54, 66, 67, 69, 70, 71, 72, 73, 74, 75, 76, 77, 78, 81, 93, 94, 95, 98, 99, 100, 101, 102, 105, 106, 107, 108, 109, 112, 113, 114, 115, 116, 117, 119, 120, 122, 123, 124, 125, 126, 133, 143, 144, 145, 146, 148], "summary": {"covered_lines": 71, "num_statements": 75, "percent_covered": 94.38202247191012, "percent_covered_display": "94", "missing_lines": 4, "excluded_lines": 0, "num_branches": 14, "num_partial_branches": 1, "covered_branches": 13, "missing_branches": 1}, "missing_lines": [127, 128, 129, 130], "excluded_lines": [], "executed_branches": [[23, 24], [23, 27], [25, 23], [25, 26], [44, 45], [44, 46], [44, 48], [70, 71], [70, 72], [70, 75], [113, 114], [113, 119], [116, 117], [123, 124], [123, 125]], "missing_branches": [[116, 113]]}, "src/web/__init__.py": {"executed_lines": [1, 3, 5], "summary": {"covered_lines": 2, "num_statements": 2, "percent_covered": 100.0, "percent_covered_display": "100", "missing_lines": 0, "excluded_lines": 0, "num_branches": 0, "num_partial_branches": 0, "covered_branches": 0, "missing_branches": 0}, "missing_lines": [], "excluded_lines": [], "executed_branches": [], "missing_branches": []}, "src/web/health_server.py": {"executed_lines": [1, 3, 4, 5, 6, 7, 9, 10, 14, 15, 16, 18, 19, 21, 24, 25, 27, 29, 30, 31, 32, 33, 34, 36, 39, 40, 44, 45, 46, 48, 55, 56, 67, 68, 71, 72, 73, 74, 76, 78, 83, 84, 85, 95, 96, 106, 108, 109, 119, 120, 121, 126, 127, 128, 133, 134, 136, 144, 146, 148, 149, 150, 152, 154, 155, 162, 163, 164, 168, 169, 170, 172, 174, 175, 177, 178, 179, 181, 183, 186, 188], "summary": {"covered_lines": 79, "num_statements": 83, "percent_covered": 95.23809523809524, "percent_covered_display": "95", "missing_lines": 4, "excluded_lines": 0, "num_branches": 22, "num_partial_branches": 1, "covered_branches": 21, "missing_branches": 1}, "missing_lines": [11, 12, 165, 166], "excluded_lines": [], "executed_branches": [[40, 39], [40, 40], [40, 48], [56, 55], [56, 95], [71, 72], [71, 73], [73, 74], [73, 76], [96, 95], [96, 108], [109, 108], [109, 133], [134, 133], [134, 144], [148, 149], [148, 152], [163, 164], [174, 175], [174, 177], [177, -172], [177, 178]], "missing_branches": [[163, -152]]}}, "totals": {"covered_lines": 1198, "num_statements": 1457, "percent_covered": 79.87702627166014, "percent_covered_display": "80", "missing_lines": 259, "excluded_lines": 10, "num_branches": 332, "num_partial_branches": 37, "covered_branches": 231, "missing_branches": 101}}
